The system is: Linux - 3.10.0-693.el7.x86_64 - x86_64
Compiling the CXX compiler identification source file "CMakeCXXCompilerId.cpp" succeeded.
Compiler: /cvmfs/cp3.uclouvain.be/gcc/gcc-7.3.0-sl7_amd64_gcc48/bin/c++ 
Build flags: 
Id flags:  

The output was:
0


Compilation of the CXX compiler identification source "CMakeCXXCompilerId.cpp" produced "a.out"

The CXX compiler identification is GNU, found in "/home/users/f/b/fbury/Memoire/MoMEMta/MEMWeight/build/CMakeFiles/3.9.6/CompilerIdCXX/a.out"

Determining if the CXX compiler works passed with the following output:
Change Dir: /home/users/f/b/fbury/Memoire/MoMEMta/MEMWeight/build/CMakeFiles/CMakeTmp

Run Build Command:"/usr/bin/gmake" "cmTC_46e9c/fast"
/usr/bin/gmake -f CMakeFiles/cmTC_46e9c.dir/build.make CMakeFiles/cmTC_46e9c.dir/build
gmake[1]: Entering directory `/home/users/f/b/fbury/Memoire/MoMEMta/MEMWeight/build/CMakeFiles/CMakeTmp'
Building CXX object CMakeFiles/cmTC_46e9c.dir/testCXXCompiler.cxx.o
/cvmfs/cp3.uclouvain.be/gcc/gcc-7.3.0-sl7_amd64_gcc48/bin/c++     -o CMakeFiles/cmTC_46e9c.dir/testCXXCompiler.cxx.o -c /home/users/f/b/fbury/Memoire/MoMEMta/MEMWeight/build/CMakeFiles/CMakeTmp/testCXXCompiler.cxx
Linking CXX executable cmTC_46e9c
/cvmfs/cp3.uclouvain.be/cmake/cmake-3.9.6-Linux-x86_64/bin/cmake -E cmake_link_script CMakeFiles/cmTC_46e9c.dir/link.txt --verbose=1
/cvmfs/cp3.uclouvain.be/gcc/gcc-7.3.0-sl7_amd64_gcc48/bin/c++       -rdynamic CMakeFiles/cmTC_46e9c.dir/testCXXCompiler.cxx.o  -o cmTC_46e9c 
gmake[1]: Leaving directory `/home/users/f/b/fbury/Memoire/MoMEMta/MEMWeight/build/CMakeFiles/CMakeTmp'


Detecting CXX compiler ABI info compiled with the following output:
Change Dir: /home/users/f/b/fbury/Memoire/MoMEMta/MEMWeight/build/CMakeFiles/CMakeTmp

Run Build Command:"/usr/bin/gmake" "cmTC_5a3d3/fast"
/usr/bin/gmake -f CMakeFiles/cmTC_5a3d3.dir/build.make CMakeFiles/cmTC_5a3d3.dir/build
gmake[1]: Entering directory `/home/users/f/b/fbury/Memoire/MoMEMta/MEMWeight/build/CMakeFiles/CMakeTmp'
Building CXX object CMakeFiles/cmTC_5a3d3.dir/CMakeCXXCompilerABI.cpp.o
/cvmfs/cp3.uclouvain.be/gcc/gcc-7.3.0-sl7_amd64_gcc48/bin/c++     -o CMakeFiles/cmTC_5a3d3.dir/CMakeCXXCompilerABI.cpp.o -c /cvmfs/cp3.uclouvain.be/cmake/cmake-3.9.6-Linux-x86_64/share/cmake-3.9/Modules/CMakeCXXCompilerABI.cpp
Linking CXX executable cmTC_5a3d3
/cvmfs/cp3.uclouvain.be/cmake/cmake-3.9.6-Linux-x86_64/bin/cmake -E cmake_link_script CMakeFiles/cmTC_5a3d3.dir/link.txt --verbose=1
/cvmfs/cp3.uclouvain.be/gcc/gcc-7.3.0-sl7_amd64_gcc48/bin/c++      -v -rdynamic CMakeFiles/cmTC_5a3d3.dir/CMakeCXXCompilerABI.cpp.o  -o cmTC_5a3d3 
Using built-in specs.
COLLECT_GCC=/cvmfs/cp3.uclouvain.be/gcc/gcc-7.3.0-sl7_amd64_gcc48/bin/c++
COLLECT_LTO_WRAPPER=/cvmfs/cp3.uclouvain.be/gcc/gcc-7.3.0-sl7_amd64_gcc48/libexec/gcc/x86_64-pc-linux-gnu/7.3.0/lto-wrapper
Target: x86_64-pc-linux-gnu
Configured with: ../gcc-7.3.0/configure --prefix=/cvmfs/cp3.uclouvain.be/gcc/gcc-7.3.0-sl7_amd64_gcc48 --disable-multilib --enable-languages=c,c++,fortran
Thread model: posix
gcc version 7.3.0 (GCC) 
COMPILER_PATH=/cvmfs/cp3.uclouvain.be/gcc/gcc-7.3.0-sl7_amd64_gcc48/libexec/gcc/x86_64-pc-linux-gnu/7.3.0/:/cvmfs/cp3.uclouvain.be/gcc/gcc-7.3.0-sl7_amd64_gcc48/libexec/gcc/x86_64-pc-linux-gnu/7.3.0/:/cvmfs/cp3.uclouvain.be/gcc/gcc-7.3.0-sl7_amd64_gcc48/libexec/gcc/x86_64-pc-linux-gnu/:/cvmfs/cp3.uclouvain.be/gcc/gcc-7.3.0-sl7_amd64_gcc48/lib/gcc/x86_64-pc-linux-gnu/7.3.0/:/cvmfs/cp3.uclouvain.be/gcc/gcc-7.3.0-sl7_amd64_gcc48/lib/gcc/x86_64-pc-linux-gnu/
LIBRARY_PATH=/home/ucl/cp3/fbury/.local/lib/../lib64/:/cvmfs/cp3.uclouvain.be/gcc/gcc-7.3.0-sl7_amd64_gcc48/lib/gcc/x86_64-pc-linux-gnu/7.3.0/:/cvmfs/cp3.uclouvain.be/gcc/gcc-7.3.0-sl7_amd64_gcc48/lib/gcc/x86_64-pc-linux-gnu/7.3.0/../../../../lib64/:/lib/../lib64/:/usr/lib/../lib64/:/home/ucl/cp3/fbury/.local/lib/:./:/cvmfs/cp3.uclouvain.be/gcc/gcc-7.3.0-sl7_amd64_gcc48/lib/gcc/x86_64-pc-linux-gnu/7.3.0/../../../:/lib/:/usr/lib/
COLLECT_GCC_OPTIONS='-v' '-rdynamic' '-o' 'cmTC_5a3d3' '-shared-libgcc' '-mtune=generic' '-march=x86-64'
 /cvmfs/cp3.uclouvain.be/gcc/gcc-7.3.0-sl7_amd64_gcc48/libexec/gcc/x86_64-pc-linux-gnu/7.3.0/collect2 -plugin /cvmfs/cp3.uclouvain.be/gcc/gcc-7.3.0-sl7_amd64_gcc48/libexec/gcc/x86_64-pc-linux-gnu/7.3.0/liblto_plugin.so -plugin-opt=/cvmfs/cp3.uclouvain.be/gcc/gcc-7.3.0-sl7_amd64_gcc48/libexec/gcc/x86_64-pc-linux-gnu/7.3.0/lto-wrapper -plugin-opt=-fresolution=/nfs/scratch/fynu/fbury/cce6WklY.res -plugin-opt=-pass-through=-lgcc_s -plugin-opt=-pass-through=-lgcc -plugin-opt=-pass-through=-lc -plugin-opt=-pass-through=-lgcc_s -plugin-opt=-pass-through=-lgcc --eh-frame-hdr -m elf_x86_64 -export-dynamic -dynamic-linker /lib64/ld-linux-x86-64.so.2 -o cmTC_5a3d3 /lib/../lib64/crt1.o /lib/../lib64/crti.o /cvmfs/cp3.uclouvain.be/gcc/gcc-7.3.0-sl7_amd64_gcc48/lib/gcc/x86_64-pc-linux-gnu/7.3.0/crtbegin.o -L/home/ucl/cp3/fbury/.local/lib/../lib64 -L/cvmfs/cp3.uclouvain.be/gcc/gcc-7.3.0-sl7_amd64_gcc48/lib/gcc/x86_64-pc-linux-gnu/7.3.0 -L/cvmfs/cp3.uclouvain.be/gcc/gcc-7.3.0-sl7_amd64_gcc48/lib/gcc/x86_64-pc-linux-gnu/7.3.0/../../../../lib64 -L/lib/../lib64 -L/usr/lib/../lib64 -L/home/ucl/cp3/fbury/.local/lib -L. -L/cvmfs/cp3.uclouvain.be/gcc/gcc-7.3.0-sl7_amd64_gcc48/lib/gcc/x86_64-pc-linux-gnu/7.3.0/../../.. CMakeFiles/cmTC_5a3d3.dir/CMakeCXXCompilerABI.cpp.o -lstdc++ -lm -lgcc_s -lgcc -lc -lgcc_s -lgcc /cvmfs/cp3.uclouvain.be/gcc/gcc-7.3.0-sl7_amd64_gcc48/lib/gcc/x86_64-pc-linux-gnu/7.3.0/crtend.o /lib/../lib64/crtn.o
COLLECT_GCC_OPTIONS='-v' '-rdynamic' '-o' 'cmTC_5a3d3' '-shared-libgcc' '-mtune=generic' '-march=x86-64'
gmake[1]: Leaving directory `/home/users/f/b/fbury/Memoire/MoMEMta/MEMWeight/build/CMakeFiles/CMakeTmp'


Parsed CXX implicit link information from above output:
  link line regex: [^( *|.*[/\])(ld|CMAKE_LINK_STARTFILE-NOTFOUND|([^/\]+-)?ld|collect2)[^/\]*( |$)]
  ignore line: [Change Dir: /home/users/f/b/fbury/Memoire/MoMEMta/MEMWeight/build/CMakeFiles/CMakeTmp]
  ignore line: []
  ignore line: [Run Build Command:"/usr/bin/gmake" "cmTC_5a3d3/fast"]
  ignore line: [/usr/bin/gmake -f CMakeFiles/cmTC_5a3d3.dir/build.make CMakeFiles/cmTC_5a3d3.dir/build]
  ignore line: [gmake[1]: Entering directory `/home/users/f/b/fbury/Memoire/MoMEMta/MEMWeight/build/CMakeFiles/CMakeTmp']
  ignore line: [Building CXX object CMakeFiles/cmTC_5a3d3.dir/CMakeCXXCompilerABI.cpp.o]
  ignore line: [/cvmfs/cp3.uclouvain.be/gcc/gcc-7.3.0-sl7_amd64_gcc48/bin/c++     -o CMakeFiles/cmTC_5a3d3.dir/CMakeCXXCompilerABI.cpp.o -c /cvmfs/cp3.uclouvain.be/cmake/cmake-3.9.6-Linux-x86_64/share/cmake-3.9/Modules/CMakeCXXCompilerABI.cpp]
  ignore line: [Linking CXX executable cmTC_5a3d3]
  ignore line: [/cvmfs/cp3.uclouvain.be/cmake/cmake-3.9.6-Linux-x86_64/bin/cmake -E cmake_link_script CMakeFiles/cmTC_5a3d3.dir/link.txt --verbose=1]
  ignore line: [/cvmfs/cp3.uclouvain.be/gcc/gcc-7.3.0-sl7_amd64_gcc48/bin/c++      -v -rdynamic CMakeFiles/cmTC_5a3d3.dir/CMakeCXXCompilerABI.cpp.o  -o cmTC_5a3d3 ]
  ignore line: [Using built-in specs.]
  ignore line: [COLLECT_GCC=/cvmfs/cp3.uclouvain.be/gcc/gcc-7.3.0-sl7_amd64_gcc48/bin/c++]
  ignore line: [COLLECT_LTO_WRAPPER=/cvmfs/cp3.uclouvain.be/gcc/gcc-7.3.0-sl7_amd64_gcc48/libexec/gcc/x86_64-pc-linux-gnu/7.3.0/lto-wrapper]
  ignore line: [Target: x86_64-pc-linux-gnu]
  ignore line: [Configured with: ../gcc-7.3.0/configure --prefix=/cvmfs/cp3.uclouvain.be/gcc/gcc-7.3.0-sl7_amd64_gcc48 --disable-multilib --enable-languages=c,c++,fortran]
  ignore line: [Thread model: posix]
  ignore line: [gcc version 7.3.0 (GCC) ]
  ignore line: [COMPILER_PATH=/cvmfs/cp3.uclouvain.be/gcc/gcc-7.3.0-sl7_amd64_gcc48/libexec/gcc/x86_64-pc-linux-gnu/7.3.0/:/cvmfs/cp3.uclouvain.be/gcc/gcc-7.3.0-sl7_amd64_gcc48/libexec/gcc/x86_64-pc-linux-gnu/7.3.0/:/cvmfs/cp3.uclouvain.be/gcc/gcc-7.3.0-sl7_amd64_gcc48/libexec/gcc/x86_64-pc-linux-gnu/:/cvmfs/cp3.uclouvain.be/gcc/gcc-7.3.0-sl7_amd64_gcc48/lib/gcc/x86_64-pc-linux-gnu/7.3.0/:/cvmfs/cp3.uclouvain.be/gcc/gcc-7.3.0-sl7_amd64_gcc48/lib/gcc/x86_64-pc-linux-gnu/]
  ignore line: [LIBRARY_PATH=/home/ucl/cp3/fbury/.local/lib/../lib64/:/cvmfs/cp3.uclouvain.be/gcc/gcc-7.3.0-sl7_amd64_gcc48/lib/gcc/x86_64-pc-linux-gnu/7.3.0/:/cvmfs/cp3.uclouvain.be/gcc/gcc-7.3.0-sl7_amd64_gcc48/lib/gcc/x86_64-pc-linux-gnu/7.3.0/../../../../lib64/:/lib/../lib64/:/usr/lib/../lib64/:/home/ucl/cp3/fbury/.local/lib/:./:/cvmfs/cp3.uclouvain.be/gcc/gcc-7.3.0-sl7_amd64_gcc48/lib/gcc/x86_64-pc-linux-gnu/7.3.0/../../../:/lib/:/usr/lib/]
  ignore line: [COLLECT_GCC_OPTIONS='-v' '-rdynamic' '-o' 'cmTC_5a3d3' '-shared-libgcc' '-mtune=generic' '-march=x86-64']
  link line: [ /cvmfs/cp3.uclouvain.be/gcc/gcc-7.3.0-sl7_amd64_gcc48/libexec/gcc/x86_64-pc-linux-gnu/7.3.0/collect2 -plugin /cvmfs/cp3.uclouvain.be/gcc/gcc-7.3.0-sl7_amd64_gcc48/libexec/gcc/x86_64-pc-linux-gnu/7.3.0/liblto_plugin.so -plugin-opt=/cvmfs/cp3.uclouvain.be/gcc/gcc-7.3.0-sl7_amd64_gcc48/libexec/gcc/x86_64-pc-linux-gnu/7.3.0/lto-wrapper -plugin-opt=-fresolution=/nfs/scratch/fynu/fbury/cce6WklY.res -plugin-opt=-pass-through=-lgcc_s -plugin-opt=-pass-through=-lgcc -plugin-opt=-pass-through=-lc -plugin-opt=-pass-through=-lgcc_s -plugin-opt=-pass-through=-lgcc --eh-frame-hdr -m elf_x86_64 -export-dynamic -dynamic-linker /lib64/ld-linux-x86-64.so.2 -o cmTC_5a3d3 /lib/../lib64/crt1.o /lib/../lib64/crti.o /cvmfs/cp3.uclouvain.be/gcc/gcc-7.3.0-sl7_amd64_gcc48/lib/gcc/x86_64-pc-linux-gnu/7.3.0/crtbegin.o -L/home/ucl/cp3/fbury/.local/lib/../lib64 -L/cvmfs/cp3.uclouvain.be/gcc/gcc-7.3.0-sl7_amd64_gcc48/lib/gcc/x86_64-pc-linux-gnu/7.3.0 -L/cvmfs/cp3.uclouvain.be/gcc/gcc-7.3.0-sl7_amd64_gcc48/lib/gcc/x86_64-pc-linux-gnu/7.3.0/../../../../lib64 -L/lib/../lib64 -L/usr/lib/../lib64 -L/home/ucl/cp3/fbury/.local/lib -L. -L/cvmfs/cp3.uclouvain.be/gcc/gcc-7.3.0-sl7_amd64_gcc48/lib/gcc/x86_64-pc-linux-gnu/7.3.0/../../.. CMakeFiles/cmTC_5a3d3.dir/CMakeCXXCompilerABI.cpp.o -lstdc++ -lm -lgcc_s -lgcc -lc -lgcc_s -lgcc /cvmfs/cp3.uclouvain.be/gcc/gcc-7.3.0-sl7_amd64_gcc48/lib/gcc/x86_64-pc-linux-gnu/7.3.0/crtend.o /lib/../lib64/crtn.o]
    arg [/cvmfs/cp3.uclouvain.be/gcc/gcc-7.3.0-sl7_amd64_gcc48/libexec/gcc/x86_64-pc-linux-gnu/7.3.0/collect2] ==> ignore
    arg [-plugin] ==> ignore
    arg [/cvmfs/cp3.uclouvain.be/gcc/gcc-7.3.0-sl7_amd64_gcc48/libexec/gcc/x86_64-pc-linux-gnu/7.3.0/liblto_plugin.so] ==> ignore
    arg [-plugin-opt=/cvmfs/cp3.uclouvain.be/gcc/gcc-7.3.0-sl7_amd64_gcc48/libexec/gcc/x86_64-pc-linux-gnu/7.3.0/lto-wrapper] ==> ignore
    arg [-plugin-opt=-fresolution=/nfs/scratch/fynu/fbury/cce6WklY.res] ==> ignore
    arg [-plugin-opt=-pass-through=-lgcc_s] ==> ignore
    arg [-plugin-opt=-pass-through=-lgcc] ==> ignore
    arg [-plugin-opt=-pass-through=-lc] ==> ignore
    arg [-plugin-opt=-pass-through=-lgcc_s] ==> ignore
    arg [-plugin-opt=-pass-through=-lgcc] ==> ignore
    arg [--eh-frame-hdr] ==> ignore
    arg [-m] ==> ignore
    arg [elf_x86_64] ==> ignore
    arg [-export-dynamic] ==> ignore
    arg [-dynamic-linker] ==> ignore
    arg [/lib64/ld-linux-x86-64.so.2] ==> ignore
    arg [-o] ==> ignore
    arg [cmTC_5a3d3] ==> ignore
    arg [/lib/../lib64/crt1.o] ==> ignore
    arg [/lib/../lib64/crti.o] ==> ignore
    arg [/cvmfs/cp3.uclouvain.be/gcc/gcc-7.3.0-sl7_amd64_gcc48/lib/gcc/x86_64-pc-linux-gnu/7.3.0/crtbegin.o] ==> ignore
    arg [-L/home/ucl/cp3/fbury/.local/lib/../lib64] ==> dir [/home/ucl/cp3/fbury/.local/lib/../lib64]
    arg [-L/cvmfs/cp3.uclouvain.be/gcc/gcc-7.3.0-sl7_amd64_gcc48/lib/gcc/x86_64-pc-linux-gnu/7.3.0] ==> dir [/cvmfs/cp3.uclouvain.be/gcc/gcc-7.3.0-sl7_amd64_gcc48/lib/gcc/x86_64-pc-linux-gnu/7.3.0]
    arg [-L/cvmfs/cp3.uclouvain.be/gcc/gcc-7.3.0-sl7_amd64_gcc48/lib/gcc/x86_64-pc-linux-gnu/7.3.0/../../../../lib64] ==> dir [/cvmfs/cp3.uclouvain.be/gcc/gcc-7.3.0-sl7_amd64_gcc48/lib/gcc/x86_64-pc-linux-gnu/7.3.0/../../../../lib64]
    arg [-L/lib/../lib64] ==> dir [/lib/../lib64]
    arg [-L/usr/lib/../lib64] ==> dir [/usr/lib/../lib64]
    arg [-L/home/ucl/cp3/fbury/.local/lib] ==> dir [/home/ucl/cp3/fbury/.local/lib]
    arg [-L.] ==> ignore
    arg [-L/cvmfs/cp3.uclouvain.be/gcc/gcc-7.3.0-sl7_amd64_gcc48/lib/gcc/x86_64-pc-linux-gnu/7.3.0/../../..] ==> dir [/cvmfs/cp3.uclouvain.be/gcc/gcc-7.3.0-sl7_amd64_gcc48/lib/gcc/x86_64-pc-linux-gnu/7.3.0/../../..]
    arg [CMakeFiles/cmTC_5a3d3.dir/CMakeCXXCompilerABI.cpp.o] ==> ignore
    arg [-lstdc++] ==> lib [stdc++]
    arg [-lm] ==> lib [m]
    arg [-lgcc_s] ==> lib [gcc_s]
    arg [-lgcc] ==> lib [gcc]
    arg [-lc] ==> lib [c]
    arg [-lgcc_s] ==> lib [gcc_s]
    arg [-lgcc] ==> lib [gcc]
    arg [/cvmfs/cp3.uclouvain.be/gcc/gcc-7.3.0-sl7_amd64_gcc48/lib/gcc/x86_64-pc-linux-gnu/7.3.0/crtend.o] ==> ignore
    arg [/lib/../lib64/crtn.o] ==> ignore
  collapse library dir [/home/ucl/cp3/fbury/.local/lib/../lib64] ==> [/home/ucl/cp3/fbury/.local/lib64]
  collapse library dir [/cvmfs/cp3.uclouvain.be/gcc/gcc-7.3.0-sl7_amd64_gcc48/lib/gcc/x86_64-pc-linux-gnu/7.3.0] ==> [/cvmfs/cp3.uclouvain.be/gcc/gcc-7.3.0-sl7_amd64_gcc48/lib/gcc/x86_64-pc-linux-gnu/7.3.0]
  collapse library dir [/cvmfs/cp3.uclouvain.be/gcc/gcc-7.3.0-sl7_amd64_gcc48/lib/gcc/x86_64-pc-linux-gnu/7.3.0/../../../../lib64] ==> [/cvmfs/cp3.uclouvain.be/gcc/gcc-7.3.0-sl7_amd64_gcc48/lib64]
  collapse library dir [/lib/../lib64] ==> [/lib64]
  collapse library dir [/usr/lib/../lib64] ==> [/usr/lib64]
  collapse library dir [/home/ucl/cp3/fbury/.local/lib] ==> [/home/ucl/cp3/fbury/.local/lib]
  collapse library dir [/cvmfs/cp3.uclouvain.be/gcc/gcc-7.3.0-sl7_amd64_gcc48/lib/gcc/x86_64-pc-linux-gnu/7.3.0/../../..] ==> [/cvmfs/cp3.uclouvain.be/gcc/gcc-7.3.0-sl7_amd64_gcc48/lib]
  implicit libs: [stdc++;m;gcc_s;gcc;c;gcc_s;gcc]
  implicit dirs: [/home/ucl/cp3/fbury/.local/lib64;/cvmfs/cp3.uclouvain.be/gcc/gcc-7.3.0-sl7_amd64_gcc48/lib/gcc/x86_64-pc-linux-gnu/7.3.0;/cvmfs/cp3.uclouvain.be/gcc/gcc-7.3.0-sl7_amd64_gcc48/lib64;/lib64;/usr/lib64;/home/ucl/cp3/fbury/.local/lib;/cvmfs/cp3.uclouvain.be/gcc/gcc-7.3.0-sl7_amd64_gcc48/lib]
  implicit fwks: []




Detecting CXX [-std=c++1z] compiler features compiled with the following output:
Change Dir: /home/users/f/b/fbury/Memoire/MoMEMta/MEMWeight/build/CMakeFiles/CMakeTmp

Run Build Command:"/usr/bin/gmake" "cmTC_85c6b/fast"
/usr/bin/gmake -f CMakeFiles/cmTC_85c6b.dir/build.make CMakeFiles/cmTC_85c6b.dir/build
gmake[1]: Entering directory `/home/users/f/b/fbury/Memoire/MoMEMta/MEMWeight/build/CMakeFiles/CMakeTmp'
Building CXX object CMakeFiles/cmTC_85c6b.dir/feature_tests.cxx.o
/cvmfs/cp3.uclouvain.be/gcc/gcc-7.3.0-sl7_amd64_gcc48/bin/c++    -std=c++1z -o CMakeFiles/cmTC_85c6b.dir/feature_tests.cxx.o -c /home/users/f/b/fbury/Memoire/MoMEMta/MEMWeight/build/CMakeFiles/feature_tests.cxx
Linking CXX executable cmTC_85c6b
/cvmfs/cp3.uclouvain.be/cmake/cmake-3.9.6-Linux-x86_64/bin/cmake -E cmake_link_script CMakeFiles/cmTC_85c6b.dir/link.txt --verbose=1
/cvmfs/cp3.uclouvain.be/gcc/gcc-7.3.0-sl7_amd64_gcc48/bin/c++       -rdynamic CMakeFiles/cmTC_85c6b.dir/feature_tests.cxx.o  -o cmTC_85c6b 
gmake[1]: Leaving directory `/home/users/f/b/fbury/Memoire/MoMEMta/MEMWeight/build/CMakeFiles/CMakeTmp'


    Feature record: CXX_FEATURE:1cxx_aggregate_default_initializers
    Feature record: CXX_FEATURE:1cxx_alias_templates
    Feature record: CXX_FEATURE:1cxx_alignas
    Feature record: CXX_FEATURE:1cxx_alignof
    Feature record: CXX_FEATURE:1cxx_attributes
    Feature record: CXX_FEATURE:1cxx_attribute_deprecated
    Feature record: CXX_FEATURE:1cxx_auto_type
    Feature record: CXX_FEATURE:1cxx_binary_literals
    Feature record: CXX_FEATURE:1cxx_constexpr
    Feature record: CXX_FEATURE:1cxx_contextual_conversions
    Feature record: CXX_FEATURE:1cxx_decltype
    Feature record: CXX_FEATURE:1cxx_decltype_auto
    Feature record: CXX_FEATURE:1cxx_decltype_incomplete_return_types
    Feature record: CXX_FEATURE:1cxx_default_function_template_args
    Feature record: CXX_FEATURE:1cxx_defaulted_functions
    Feature record: CXX_FEATURE:1cxx_defaulted_move_initializers
    Feature record: CXX_FEATURE:1cxx_delegating_constructors
    Feature record: CXX_FEATURE:1cxx_deleted_functions
    Feature record: CXX_FEATURE:1cxx_digit_separators
    Feature record: CXX_FEATURE:1cxx_enum_forward_declarations
    Feature record: CXX_FEATURE:1cxx_explicit_conversions
    Feature record: CXX_FEATURE:1cxx_extended_friend_declarations
    Feature record: CXX_FEATURE:1cxx_extern_templates
    Feature record: CXX_FEATURE:1cxx_final
    Feature record: CXX_FEATURE:1cxx_func_identifier
    Feature record: CXX_FEATURE:1cxx_generalized_initializers
    Feature record: CXX_FEATURE:1cxx_generic_lambdas
    Feature record: CXX_FEATURE:1cxx_inheriting_constructors
    Feature record: CXX_FEATURE:1cxx_inline_namespaces
    Feature record: CXX_FEATURE:1cxx_lambdas
    Feature record: CXX_FEATURE:1cxx_lambda_init_captures
    Feature record: CXX_FEATURE:1cxx_local_type_template_args
    Feature record: CXX_FEATURE:1cxx_long_long_type
    Feature record: CXX_FEATURE:1cxx_noexcept
    Feature record: CXX_FEATURE:1cxx_nonstatic_member_init
    Feature record: CXX_FEATURE:1cxx_nullptr
    Feature record: CXX_FEATURE:1cxx_override
    Feature record: CXX_FEATURE:1cxx_range_for
    Feature record: CXX_FEATURE:1cxx_raw_string_literals
    Feature record: CXX_FEATURE:1cxx_reference_qualified_functions
    Feature record: CXX_FEATURE:1cxx_relaxed_constexpr
    Feature record: CXX_FEATURE:1cxx_return_type_deduction
    Feature record: CXX_FEATURE:1cxx_right_angle_brackets
    Feature record: CXX_FEATURE:1cxx_rvalue_references
    Feature record: CXX_FEATURE:1cxx_sizeof_member
    Feature record: CXX_FEATURE:1cxx_static_assert
    Feature record: CXX_FEATURE:1cxx_strong_enums
    Feature record: CXX_FEATURE:1cxx_template_template_parameters
    Feature record: CXX_FEATURE:1cxx_thread_local
    Feature record: CXX_FEATURE:1cxx_trailing_return_types
    Feature record: CXX_FEATURE:1cxx_unicode_literals
    Feature record: CXX_FEATURE:1cxx_uniform_initialization
    Feature record: CXX_FEATURE:1cxx_unrestricted_unions
    Feature record: CXX_FEATURE:1cxx_user_literals
    Feature record: CXX_FEATURE:1cxx_variable_templates
    Feature record: CXX_FEATURE:1cxx_variadic_macros
    Feature record: CXX_FEATURE:1cxx_variadic_templates


Detecting CXX [-std=c++14] compiler features compiled with the following output:
Change Dir: /home/users/f/b/fbury/Memoire/MoMEMta/MEMWeight/build/CMakeFiles/CMakeTmp

Run Build Command:"/usr/bin/gmake" "cmTC_1995a/fast"
/usr/bin/gmake -f CMakeFiles/cmTC_1995a.dir/build.make CMakeFiles/cmTC_1995a.dir/build
gmake[1]: Entering directory `/home/users/f/b/fbury/Memoire/MoMEMta/MEMWeight/build/CMakeFiles/CMakeTmp'
Building CXX object CMakeFiles/cmTC_1995a.dir/feature_tests.cxx.o
/cvmfs/cp3.uclouvain.be/gcc/gcc-7.3.0-sl7_amd64_gcc48/bin/c++    -std=c++14 -o CMakeFiles/cmTC_1995a.dir/feature_tests.cxx.o -c /home/users/f/b/fbury/Memoire/MoMEMta/MEMWeight/build/CMakeFiles/feature_tests.cxx
Linking CXX executable cmTC_1995a
/cvmfs/cp3.uclouvain.be/cmake/cmake-3.9.6-Linux-x86_64/bin/cmake -E cmake_link_script CMakeFiles/cmTC_1995a.dir/link.txt --verbose=1
/cvmfs/cp3.uclouvain.be/gcc/gcc-7.3.0-sl7_amd64_gcc48/bin/c++       -rdynamic CMakeFiles/cmTC_1995a.dir/feature_tests.cxx.o  -o cmTC_1995a 
gmake[1]: Leaving directory `/home/users/f/b/fbury/Memoire/MoMEMta/MEMWeight/build/CMakeFiles/CMakeTmp'


    Feature record: CXX_FEATURE:1cxx_aggregate_default_initializers
    Feature record: CXX_FEATURE:1cxx_alias_templates
    Feature record: CXX_FEATURE:1cxx_alignas
    Feature record: CXX_FEATURE:1cxx_alignof
    Feature record: CXX_FEATURE:1cxx_attributes
    Feature record: CXX_FEATURE:1cxx_attribute_deprecated
    Feature record: CXX_FEATURE:1cxx_auto_type
    Feature record: CXX_FEATURE:1cxx_binary_literals
    Feature record: CXX_FEATURE:1cxx_constexpr
    Feature record: CXX_FEATURE:1cxx_contextual_conversions
    Feature record: CXX_FEATURE:1cxx_decltype
    Feature record: CXX_FEATURE:1cxx_decltype_auto
    Feature record: CXX_FEATURE:1cxx_decltype_incomplete_return_types
    Feature record: CXX_FEATURE:1cxx_default_function_template_args
    Feature record: CXX_FEATURE:1cxx_defaulted_functions
    Feature record: CXX_FEATURE:1cxx_defaulted_move_initializers
    Feature record: CXX_FEATURE:1cxx_delegating_constructors
    Feature record: CXX_FEATURE:1cxx_deleted_functions
    Feature record: CXX_FEATURE:1cxx_digit_separators
    Feature record: CXX_FEATURE:1cxx_enum_forward_declarations
    Feature record: CXX_FEATURE:1cxx_explicit_conversions
    Feature record: CXX_FEATURE:1cxx_extended_friend_declarations
    Feature record: CXX_FEATURE:1cxx_extern_templates
    Feature record: CXX_FEATURE:1cxx_final
    Feature record: CXX_FEATURE:1cxx_func_identifier
    Feature record: CXX_FEATURE:1cxx_generalized_initializers
    Feature record: CXX_FEATURE:1cxx_generic_lambdas
    Feature record: CXX_FEATURE:1cxx_inheriting_constructors
    Feature record: CXX_FEATURE:1cxx_inline_namespaces
    Feature record: CXX_FEATURE:1cxx_lambdas
    Feature record: CXX_FEATURE:1cxx_lambda_init_captures
    Feature record: CXX_FEATURE:1cxx_local_type_template_args
    Feature record: CXX_FEATURE:1cxx_long_long_type
    Feature record: CXX_FEATURE:1cxx_noexcept
    Feature record: CXX_FEATURE:1cxx_nonstatic_member_init
    Feature record: CXX_FEATURE:1cxx_nullptr
    Feature record: CXX_FEATURE:1cxx_override
    Feature record: CXX_FEATURE:1cxx_range_for
    Feature record: CXX_FEATURE:1cxx_raw_string_literals
    Feature record: CXX_FEATURE:1cxx_reference_qualified_functions
    Feature record: CXX_FEATURE:1cxx_relaxed_constexpr
    Feature record: CXX_FEATURE:1cxx_return_type_deduction
    Feature record: CXX_FEATURE:1cxx_right_angle_brackets
    Feature record: CXX_FEATURE:1cxx_rvalue_references
    Feature record: CXX_FEATURE:1cxx_sizeof_member
    Feature record: CXX_FEATURE:1cxx_static_assert
    Feature record: CXX_FEATURE:1cxx_strong_enums
    Feature record: CXX_FEATURE:1cxx_template_template_parameters
    Feature record: CXX_FEATURE:1cxx_thread_local
    Feature record: CXX_FEATURE:1cxx_trailing_return_types
    Feature record: CXX_FEATURE:1cxx_unicode_literals
    Feature record: CXX_FEATURE:1cxx_uniform_initialization
    Feature record: CXX_FEATURE:1cxx_unrestricted_unions
    Feature record: CXX_FEATURE:1cxx_user_literals
    Feature record: CXX_FEATURE:1cxx_variable_templates
    Feature record: CXX_FEATURE:1cxx_variadic_macros
    Feature record: CXX_FEATURE:1cxx_variadic_templates


Detecting CXX [-std=c++11] compiler features compiled with the following output:
Change Dir: /home/users/f/b/fbury/Memoire/MoMEMta/MEMWeight/build/CMakeFiles/CMakeTmp

Run Build Command:"/usr/bin/gmake" "cmTC_e686e/fast"
/usr/bin/gmake -f CMakeFiles/cmTC_e686e.dir/build.make CMakeFiles/cmTC_e686e.dir/build
gmake[1]: Entering directory `/home/users/f/b/fbury/Memoire/MoMEMta/MEMWeight/build/CMakeFiles/CMakeTmp'
Building CXX object CMakeFiles/cmTC_e686e.dir/feature_tests.cxx.o
/cvmfs/cp3.uclouvain.be/gcc/gcc-7.3.0-sl7_amd64_gcc48/bin/c++    -std=c++11 -o CMakeFiles/cmTC_e686e.dir/feature_tests.cxx.o -c /home/users/f/b/fbury/Memoire/MoMEMta/MEMWeight/build/CMakeFiles/feature_tests.cxx
Linking CXX executable cmTC_e686e
/cvmfs/cp3.uclouvain.be/cmake/cmake-3.9.6-Linux-x86_64/bin/cmake -E cmake_link_script CMakeFiles/cmTC_e686e.dir/link.txt --verbose=1
/cvmfs/cp3.uclouvain.be/gcc/gcc-7.3.0-sl7_amd64_gcc48/bin/c++       -rdynamic CMakeFiles/cmTC_e686e.dir/feature_tests.cxx.o  -o cmTC_e686e 
gmake[1]: Leaving directory `/home/users/f/b/fbury/Memoire/MoMEMta/MEMWeight/build/CMakeFiles/CMakeTmp'


    Feature record: CXX_FEATURE:0cxx_aggregate_default_initializers
    Feature record: CXX_FEATURE:1cxx_alias_templates
    Feature record: CXX_FEATURE:1cxx_alignas
    Feature record: CXX_FEATURE:1cxx_alignof
    Feature record: CXX_FEATURE:1cxx_attributes
    Feature record: CXX_FEATURE:0cxx_attribute_deprecated
    Feature record: CXX_FEATURE:1cxx_auto_type
    Feature record: CXX_FEATURE:0cxx_binary_literals
    Feature record: CXX_FEATURE:1cxx_constexpr
    Feature record: CXX_FEATURE:0cxx_contextual_conversions
    Feature record: CXX_FEATURE:1cxx_decltype
    Feature record: CXX_FEATURE:0cxx_decltype_auto
    Feature record: CXX_FEATURE:1cxx_decltype_incomplete_return_types
    Feature record: CXX_FEATURE:1cxx_default_function_template_args
    Feature record: CXX_FEATURE:1cxx_defaulted_functions
    Feature record: CXX_FEATURE:1cxx_defaulted_move_initializers
    Feature record: CXX_FEATURE:1cxx_delegating_constructors
    Feature record: CXX_FEATURE:1cxx_deleted_functions
    Feature record: CXX_FEATURE:0cxx_digit_separators
    Feature record: CXX_FEATURE:1cxx_enum_forward_declarations
    Feature record: CXX_FEATURE:1cxx_explicit_conversions
    Feature record: CXX_FEATURE:1cxx_extended_friend_declarations
    Feature record: CXX_FEATURE:1cxx_extern_templates
    Feature record: CXX_FEATURE:1cxx_final
    Feature record: CXX_FEATURE:1cxx_func_identifier
    Feature record: CXX_FEATURE:1cxx_generalized_initializers
    Feature record: CXX_FEATURE:0cxx_generic_lambdas
    Feature record: CXX_FEATURE:1cxx_inheriting_constructors
    Feature record: CXX_FEATURE:1cxx_inline_namespaces
    Feature record: CXX_FEATURE:1cxx_lambdas
    Feature record: CXX_FEATURE:0cxx_lambda_init_captures
    Feature record: CXX_FEATURE:1cxx_local_type_template_args
    Feature record: CXX_FEATURE:1cxx_long_long_type
    Feature record: CXX_FEATURE:1cxx_noexcept
    Feature record: CXX_FEATURE:1cxx_nonstatic_member_init
    Feature record: CXX_FEATURE:1cxx_nullptr
    Feature record: CXX_FEATURE:1cxx_override
    Feature record: CXX_FEATURE:1cxx_range_for
    Feature record: CXX_FEATURE:1cxx_raw_string_literals
    Feature record: CXX_FEATURE:1cxx_reference_qualified_functions
    Feature record: CXX_FEATURE:0cxx_relaxed_constexpr
    Feature record: CXX_FEATURE:0cxx_return_type_deduction
    Feature record: CXX_FEATURE:1cxx_right_angle_brackets
    Feature record: CXX_FEATURE:1cxx_rvalue_references
    Feature record: CXX_FEATURE:1cxx_sizeof_member
    Feature record: CXX_FEATURE:1cxx_static_assert
    Feature record: CXX_FEATURE:1cxx_strong_enums
    Feature record: CXX_FEATURE:1cxx_template_template_parameters
    Feature record: CXX_FEATURE:1cxx_thread_local
    Feature record: CXX_FEATURE:1cxx_trailing_return_types
    Feature record: CXX_FEATURE:1cxx_unicode_literals
    Feature record: CXX_FEATURE:1cxx_uniform_initialization
    Feature record: CXX_FEATURE:1cxx_unrestricted_unions
    Feature record: CXX_FEATURE:1cxx_user_literals
    Feature record: CXX_FEATURE:0cxx_variable_templates
    Feature record: CXX_FEATURE:1cxx_variadic_macros
    Feature record: CXX_FEATURE:1cxx_variadic_templates


Detecting CXX [-std=c++98] compiler features compiled with the following output:
Change Dir: /home/users/f/b/fbury/Memoire/MoMEMta/MEMWeight/build/CMakeFiles/CMakeTmp

Run Build Command:"/usr/bin/gmake" "cmTC_65b7b/fast"
/usr/bin/gmake -f CMakeFiles/cmTC_65b7b.dir/build.make CMakeFiles/cmTC_65b7b.dir/build
gmake[1]: Entering directory `/home/users/f/b/fbury/Memoire/MoMEMta/MEMWeight/build/CMakeFiles/CMakeTmp'
Building CXX object CMakeFiles/cmTC_65b7b.dir/feature_tests.cxx.o
/cvmfs/cp3.uclouvain.be/gcc/gcc-7.3.0-sl7_amd64_gcc48/bin/c++    -std=c++98 -o CMakeFiles/cmTC_65b7b.dir/feature_tests.cxx.o -c /home/users/f/b/fbury/Memoire/MoMEMta/MEMWeight/build/CMakeFiles/feature_tests.cxx
Linking CXX executable cmTC_65b7b
/cvmfs/cp3.uclouvain.be/cmake/cmake-3.9.6-Linux-x86_64/bin/cmake -E cmake_link_script CMakeFiles/cmTC_65b7b.dir/link.txt --verbose=1
/cvmfs/cp3.uclouvain.be/gcc/gcc-7.3.0-sl7_amd64_gcc48/bin/c++       -rdynamic CMakeFiles/cmTC_65b7b.dir/feature_tests.cxx.o  -o cmTC_65b7b 
gmake[1]: Leaving directory `/home/users/f/b/fbury/Memoire/MoMEMta/MEMWeight/build/CMakeFiles/CMakeTmp'


    Feature record: CXX_FEATURE:0cxx_aggregate_default_initializers
    Feature record: CXX_FEATURE:0cxx_alias_templates
    Feature record: CXX_FEATURE:0cxx_alignas
    Feature record: CXX_FEATURE:0cxx_alignof
    Feature record: CXX_FEATURE:0cxx_attributes
    Feature record: CXX_FEATURE:0cxx_attribute_deprecated
    Feature record: CXX_FEATURE:0cxx_auto_type
    Feature record: CXX_FEATURE:0cxx_binary_literals
    Feature record: CXX_FEATURE:0cxx_constexpr
    Feature record: CXX_FEATURE:0cxx_contextual_conversions
    Feature record: CXX_FEATURE:0cxx_decltype
    Feature record: CXX_FEATURE:0cxx_decltype_auto
    Feature record: CXX_FEATURE:0cxx_decltype_incomplete_return_types
    Feature record: CXX_FEATURE:0cxx_default_function_template_args
    Feature record: CXX_FEATURE:0cxx_defaulted_functions
    Feature record: CXX_FEATURE:0cxx_defaulted_move_initializers
    Feature record: CXX_FEATURE:0cxx_delegating_constructors
    Feature record: CXX_FEATURE:0cxx_deleted_functions
    Feature record: CXX_FEATURE:0cxx_digit_separators
    Feature record: CXX_FEATURE:0cxx_enum_forward_declarations
    Feature record: CXX_FEATURE:0cxx_explicit_conversions
    Feature record: CXX_FEATURE:0cxx_extended_friend_declarations
    Feature record: CXX_FEATURE:0cxx_extern_templates
    Feature record: CXX_FEATURE:0cxx_final
    Feature record: CXX_FEATURE:0cxx_func_identifier
    Feature record: CXX_FEATURE:0cxx_generalized_initializers
    Feature record: CXX_FEATURE:0cxx_generic_lambdas
    Feature record: CXX_FEATURE:0cxx_inheriting_constructors
    Feature record: CXX_FEATURE:0cxx_inline_namespaces
    Feature record: CXX_FEATURE:0cxx_lambdas
    Feature record: CXX_FEATURE:0cxx_lambda_init_captures
    Feature record: CXX_FEATURE:0cxx_local_type_template_args
    Feature record: CXX_FEATURE:0cxx_long_long_type
    Feature record: CXX_FEATURE:0cxx_noexcept
    Feature record: CXX_FEATURE:0cxx_nonstatic_member_init
    Feature record: CXX_FEATURE:0cxx_nullptr
    Feature record: CXX_FEATURE:0cxx_override
    Feature record: CXX_FEATURE:0cxx_range_for
    Feature record: CXX_FEATURE:0cxx_raw_string_literals
    Feature record: CXX_FEATURE:0cxx_reference_qualified_functions
    Feature record: CXX_FEATURE:0cxx_relaxed_constexpr
    Feature record: CXX_FEATURE:0cxx_return_type_deduction
    Feature record: CXX_FEATURE:0cxx_right_angle_brackets
    Feature record: CXX_FEATURE:0cxx_rvalue_references
    Feature record: CXX_FEATURE:0cxx_sizeof_member
    Feature record: CXX_FEATURE:0cxx_static_assert
    Feature record: CXX_FEATURE:0cxx_strong_enums
    Feature record: CXX_FEATURE:1cxx_template_template_parameters
    Feature record: CXX_FEATURE:0cxx_thread_local
    Feature record: CXX_FEATURE:0cxx_trailing_return_types
    Feature record: CXX_FEATURE:0cxx_unicode_literals
    Feature record: CXX_FEATURE:0cxx_uniform_initialization
    Feature record: CXX_FEATURE:0cxx_unrestricted_unions
    Feature record: CXX_FEATURE:0cxx_user_literals
    Feature record: CXX_FEATURE:0cxx_variable_templates
    Feature record: CXX_FEATURE:0cxx_variadic_macros
    Feature record: CXX_FEATURE:0cxx_variadic_templates
Determining if the include file unistd.h exists passed with the following output:
Change Dir: /home/users/f/b/fbury/Memoire/MoMEMta/MEMWeight/build/CMakeFiles/CMakeTmp

Run Build Command:"/usr/bin/gmake" "cmTC_4890e/fast"
/usr/bin/gmake -f CMakeFiles/cmTC_4890e.dir/build.make CMakeFiles/cmTC_4890e.dir/build
gmake[1]: Entering directory `/home/users/f/b/fbury/Memoire/MoMEMta/MEMWeight/build/CMakeFiles/CMakeTmp'
Building CXX object CMakeFiles/cmTC_4890e.dir/CheckIncludeFile.cxx.o
/cvmfs/cp3.uclouvain.be/gcc/gcc-7.3.0-sl7_amd64_gcc48/bin/c++     -o CMakeFiles/cmTC_4890e.dir/CheckIncludeFile.cxx.o -c /home/users/f/b/fbury/Memoire/MoMEMta/MEMWeight/build/CMakeFiles/CMakeTmp/CheckIncludeFile.cxx
Linking CXX executable cmTC_4890e
/cvmfs/cp3.uclouvain.be/cmake/cmake-3.9.6-Linux-x86_64/bin/cmake -E cmake_link_script CMakeFiles/cmTC_4890e.dir/link.txt --verbose=1
/cvmfs/cp3.uclouvain.be/gcc/gcc-7.3.0-sl7_amd64_gcc48/bin/c++       -rdynamic CMakeFiles/cmTC_4890e.dir/CheckIncludeFile.cxx.o  -o cmTC_4890e 
gmake[1]: Leaving directory `/home/users/f/b/fbury/Memoire/MoMEMta/MEMWeight/build/CMakeFiles/CMakeTmp'


Determining if the include file stdint.h exists passed with the following output:
Change Dir: /home/users/f/b/fbury/Memoire/MoMEMta/MEMWeight/build/CMakeFiles/CMakeTmp

Run Build Command:"/usr/bin/gmake" "cmTC_8ecc3/fast"
/usr/bin/gmake -f CMakeFiles/cmTC_8ecc3.dir/build.make CMakeFiles/cmTC_8ecc3.dir/build
gmake[1]: Entering directory `/home/users/f/b/fbury/Memoire/MoMEMta/MEMWeight/build/CMakeFiles/CMakeTmp'
Building CXX object CMakeFiles/cmTC_8ecc3.dir/CheckIncludeFile.cxx.o
/cvmfs/cp3.uclouvain.be/gcc/gcc-7.3.0-sl7_amd64_gcc48/bin/c++     -o CMakeFiles/cmTC_8ecc3.dir/CheckIncludeFile.cxx.o -c /home/users/f/b/fbury/Memoire/MoMEMta/MEMWeight/build/CMakeFiles/CMakeTmp/CheckIncludeFile.cxx
Linking CXX executable cmTC_8ecc3
/cvmfs/cp3.uclouvain.be/cmake/cmake-3.9.6-Linux-x86_64/bin/cmake -E cmake_link_script CMakeFiles/cmTC_8ecc3.dir/link.txt --verbose=1
/cvmfs/cp3.uclouvain.be/gcc/gcc-7.3.0-sl7_amd64_gcc48/bin/c++       -rdynamic CMakeFiles/cmTC_8ecc3.dir/CheckIncludeFile.cxx.o  -o cmTC_8ecc3 
gmake[1]: Leaving directory `/home/users/f/b/fbury/Memoire/MoMEMta/MEMWeight/build/CMakeFiles/CMakeTmp'


Determining if the include file inttypes.h exists passed with the following output:
Change Dir: /home/users/f/b/fbury/Memoire/MoMEMta/MEMWeight/build/CMakeFiles/CMakeTmp

Run Build Command:"/usr/bin/gmake" "cmTC_c311e/fast"
/usr/bin/gmake -f CMakeFiles/cmTC_c311e.dir/build.make CMakeFiles/cmTC_c311e.dir/build
gmake[1]: Entering directory `/home/users/f/b/fbury/Memoire/MoMEMta/MEMWeight/build/CMakeFiles/CMakeTmp'
Building CXX object CMakeFiles/cmTC_c311e.dir/CheckIncludeFile.cxx.o
/cvmfs/cp3.uclouvain.be/gcc/gcc-7.3.0-sl7_amd64_gcc48/bin/c++     -o CMakeFiles/cmTC_c311e.dir/CheckIncludeFile.cxx.o -c /home/users/f/b/fbury/Memoire/MoMEMta/MEMWeight/build/CMakeFiles/CMakeTmp/CheckIncludeFile.cxx
Linking CXX executable cmTC_c311e
/cvmfs/cp3.uclouvain.be/cmake/cmake-3.9.6-Linux-x86_64/bin/cmake -E cmake_link_script CMakeFiles/cmTC_c311e.dir/link.txt --verbose=1
/cvmfs/cp3.uclouvain.be/gcc/gcc-7.3.0-sl7_amd64_gcc48/bin/c++       -rdynamic CMakeFiles/cmTC_c311e.dir/CheckIncludeFile.cxx.o  -o cmTC_c311e 
gmake[1]: Leaving directory `/home/users/f/b/fbury/Memoire/MoMEMta/MEMWeight/build/CMakeFiles/CMakeTmp'


Determining if the include file sys/types.h exists passed with the following output:
Change Dir: /home/users/f/b/fbury/Memoire/MoMEMta/MEMWeight/build/CMakeFiles/CMakeTmp

Run Build Command:"/usr/bin/gmake" "cmTC_e08bb/fast"
/usr/bin/gmake -f CMakeFiles/cmTC_e08bb.dir/build.make CMakeFiles/cmTC_e08bb.dir/build
gmake[1]: Entering directory `/home/users/f/b/fbury/Memoire/MoMEMta/MEMWeight/build/CMakeFiles/CMakeTmp'
Building CXX object CMakeFiles/cmTC_e08bb.dir/CheckIncludeFile.cxx.o
/cvmfs/cp3.uclouvain.be/gcc/gcc-7.3.0-sl7_amd64_gcc48/bin/c++     -o CMakeFiles/cmTC_e08bb.dir/CheckIncludeFile.cxx.o -c /home/users/f/b/fbury/Memoire/MoMEMta/MEMWeight/build/CMakeFiles/CMakeTmp/CheckIncludeFile.cxx
Linking CXX executable cmTC_e08bb
/cvmfs/cp3.uclouvain.be/cmake/cmake-3.9.6-Linux-x86_64/bin/cmake -E cmake_link_script CMakeFiles/cmTC_e08bb.dir/link.txt --verbose=1
/cvmfs/cp3.uclouvain.be/gcc/gcc-7.3.0-sl7_amd64_gcc48/bin/c++       -rdynamic CMakeFiles/cmTC_e08bb.dir/CheckIncludeFile.cxx.o  -o cmTC_e08bb 
gmake[1]: Leaving directory `/home/users/f/b/fbury/Memoire/MoMEMta/MEMWeight/build/CMakeFiles/CMakeTmp'


Determining if the include file sys/stat.h exists passed with the following output:
Change Dir: /home/users/f/b/fbury/Memoire/MoMEMta/MEMWeight/build/CMakeFiles/CMakeTmp

Run Build Command:"/usr/bin/gmake" "cmTC_f872c/fast"
/usr/bin/gmake -f CMakeFiles/cmTC_f872c.dir/build.make CMakeFiles/cmTC_f872c.dir/build
gmake[1]: Entering directory `/home/users/f/b/fbury/Memoire/MoMEMta/MEMWeight/build/CMakeFiles/CMakeTmp'
Building CXX object CMakeFiles/cmTC_f872c.dir/CheckIncludeFile.cxx.o
/cvmfs/cp3.uclouvain.be/gcc/gcc-7.3.0-sl7_amd64_gcc48/bin/c++     -o CMakeFiles/cmTC_f872c.dir/CheckIncludeFile.cxx.o -c /home/users/f/b/fbury/Memoire/MoMEMta/MEMWeight/build/CMakeFiles/CMakeTmp/CheckIncludeFile.cxx
Linking CXX executable cmTC_f872c
/cvmfs/cp3.uclouvain.be/cmake/cmake-3.9.6-Linux-x86_64/bin/cmake -E cmake_link_script CMakeFiles/cmTC_f872c.dir/link.txt --verbose=1
/cvmfs/cp3.uclouvain.be/gcc/gcc-7.3.0-sl7_amd64_gcc48/bin/c++       -rdynamic CMakeFiles/cmTC_f872c.dir/CheckIncludeFile.cxx.o  -o cmTC_f872c 
gmake[1]: Leaving directory `/home/users/f/b/fbury/Memoire/MoMEMta/MEMWeight/build/CMakeFiles/CMakeTmp'


Determining if the include file fnmatch.h exists passed with the following output:
Change Dir: /home/users/f/b/fbury/Memoire/MoMEMta/MEMWeight/build/CMakeFiles/CMakeTmp

Run Build Command:"/usr/bin/gmake" "cmTC_65fbd/fast"
/usr/bin/gmake -f CMakeFiles/cmTC_65fbd.dir/build.make CMakeFiles/cmTC_65fbd.dir/build
gmake[1]: Entering directory `/home/users/f/b/fbury/Memoire/MoMEMta/MEMWeight/build/CMakeFiles/CMakeTmp'
Building CXX object CMakeFiles/cmTC_65fbd.dir/CheckIncludeFile.cxx.o
/cvmfs/cp3.uclouvain.be/gcc/gcc-7.3.0-sl7_amd64_gcc48/bin/c++     -o CMakeFiles/cmTC_65fbd.dir/CheckIncludeFile.cxx.o -c /home/users/f/b/fbury/Memoire/MoMEMta/MEMWeight/build/CMakeFiles/CMakeTmp/CheckIncludeFile.cxx
Linking CXX executable cmTC_65fbd
/cvmfs/cp3.uclouvain.be/cmake/cmake-3.9.6-Linux-x86_64/bin/cmake -E cmake_link_script CMakeFiles/cmTC_65fbd.dir/link.txt --verbose=1
/cvmfs/cp3.uclouvain.be/gcc/gcc-7.3.0-sl7_amd64_gcc48/bin/c++       -rdynamic CMakeFiles/cmTC_65fbd.dir/CheckIncludeFile.cxx.o  -o cmTC_65fbd 
gmake[1]: Leaving directory `/home/users/f/b/fbury/Memoire/MoMEMta/MEMWeight/build/CMakeFiles/CMakeTmp'


Determining if the include file stddef.h exists passed with the following output:
Change Dir: /home/users/f/b/fbury/Memoire/MoMEMta/MEMWeight/build/CMakeFiles/CMakeTmp

Run Build Command:"/usr/bin/gmake" "cmTC_5ae78/fast"
/usr/bin/gmake -f CMakeFiles/cmTC_5ae78.dir/build.make CMakeFiles/cmTC_5ae78.dir/build
gmake[1]: Entering directory `/home/users/f/b/fbury/Memoire/MoMEMta/MEMWeight/build/CMakeFiles/CMakeTmp'
Building CXX object CMakeFiles/cmTC_5ae78.dir/CheckIncludeFile.cxx.o
/cvmfs/cp3.uclouvain.be/gcc/gcc-7.3.0-sl7_amd64_gcc48/bin/c++     -o CMakeFiles/cmTC_5ae78.dir/CheckIncludeFile.cxx.o -c /home/users/f/b/fbury/Memoire/MoMEMta/MEMWeight/build/CMakeFiles/CMakeTmp/CheckIncludeFile.cxx
Linking CXX executable cmTC_5ae78
/cvmfs/cp3.uclouvain.be/cmake/cmake-3.9.6-Linux-x86_64/bin/cmake -E cmake_link_script CMakeFiles/cmTC_5ae78.dir/link.txt --verbose=1
/cvmfs/cp3.uclouvain.be/gcc/gcc-7.3.0-sl7_amd64_gcc48/bin/c++       -rdynamic CMakeFiles/cmTC_5ae78.dir/CheckIncludeFile.cxx.o  -o cmTC_5ae78 
gmake[1]: Leaving directory `/home/users/f/b/fbury/Memoire/MoMEMta/MEMWeight/build/CMakeFiles/CMakeTmp'


Determining size of uint32_t passed with the following output:
Change Dir: /home/users/f/b/fbury/Memoire/MoMEMta/MEMWeight/build/CMakeFiles/CMakeTmp

Run Build Command:"/usr/bin/gmake" "cmTC_5a4c1/fast"
/usr/bin/gmake -f CMakeFiles/cmTC_5a4c1.dir/build.make CMakeFiles/cmTC_5a4c1.dir/build
gmake[1]: Entering directory `/home/users/f/b/fbury/Memoire/MoMEMta/MEMWeight/build/CMakeFiles/CMakeTmp'
Building CXX object CMakeFiles/cmTC_5a4c1.dir/uint32_t.cpp.o
/cvmfs/cp3.uclouvain.be/gcc/gcc-7.3.0-sl7_amd64_gcc48/bin/c++     -o CMakeFiles/cmTC_5a4c1.dir/uint32_t.cpp.o -c /home/users/f/b/fbury/Memoire/MoMEMta/MEMWeight/build/CMakeFiles/CheckTypeSize/uint32_t.cpp
Linking CXX executable cmTC_5a4c1
/cvmfs/cp3.uclouvain.be/cmake/cmake-3.9.6-Linux-x86_64/bin/cmake -E cmake_link_script CMakeFiles/cmTC_5a4c1.dir/link.txt --verbose=1
/cvmfs/cp3.uclouvain.be/gcc/gcc-7.3.0-sl7_amd64_gcc48/bin/c++       -rdynamic CMakeFiles/cmTC_5a4c1.dir/uint32_t.cpp.o  -o cmTC_5a4c1 
gmake[1]: Leaving directory `/home/users/f/b/fbury/Memoire/MoMEMta/MEMWeight/build/CMakeFiles/CMakeTmp'


Determining if the strtoll exist passed with the following output:
Change Dir: /home/users/f/b/fbury/Memoire/MoMEMta/MEMWeight/build/CMakeFiles/CMakeTmp

Run Build Command:"/usr/bin/gmake" "cmTC_31d4e/fast"
/usr/bin/gmake -f CMakeFiles/cmTC_31d4e.dir/build.make CMakeFiles/cmTC_31d4e.dir/build
gmake[1]: Entering directory `/home/users/f/b/fbury/Memoire/MoMEMta/MEMWeight/build/CMakeFiles/CMakeTmp'
Building CXX object CMakeFiles/cmTC_31d4e.dir/CheckSymbolExists.cxx.o
/cvmfs/cp3.uclouvain.be/gcc/gcc-7.3.0-sl7_amd64_gcc48/bin/c++     -o CMakeFiles/cmTC_31d4e.dir/CheckSymbolExists.cxx.o -c /home/users/f/b/fbury/Memoire/MoMEMta/MEMWeight/build/CMakeFiles/CMakeTmp/CheckSymbolExists.cxx
Linking CXX executable cmTC_31d4e
/cvmfs/cp3.uclouvain.be/cmake/cmake-3.9.6-Linux-x86_64/bin/cmake -E cmake_link_script CMakeFiles/cmTC_31d4e.dir/link.txt --verbose=1
/cvmfs/cp3.uclouvain.be/gcc/gcc-7.3.0-sl7_amd64_gcc48/bin/c++       -rdynamic CMakeFiles/cmTC_31d4e.dir/CheckSymbolExists.cxx.o  -o cmTC_31d4e 
gmake[1]: Leaving directory `/home/users/f/b/fbury/Memoire/MoMEMta/MEMWeight/build/CMakeFiles/CMakeTmp'

File /home/users/f/b/fbury/Memoire/MoMEMta/MEMWeight/build/CMakeFiles/CMakeTmp/CheckSymbolExists.cxx:
/* */
#include <stdlib.h>

int main(int argc, char** argv)
{
  (void)argv;
#ifndef strtoll
  return ((int*)(&strtoll))[argc];
#else
  (void)argc;
  return 0;
#endif
}

